<?xml version="1.0" encoding="UTF-8"?>
<testng-results skipped="0" failed="0" ignored="0" total="1" passed="1">
  <reporter-output>
  </reporter-output>
  <suite name="Default suite" duration-ms="145745" started-at="2020-01-27T21:36:01 CET" finished-at="2020-01-27T21:38:27 CET">
    <groups>
    </groups>
    <test name="Default test" duration-ms="145745" started-at="2020-01-27T21:36:01 CET" finished-at="2020-01-27T21:38:27 CET">
      <class name="testcart.Ebay">
        <test-method status="PASS" signature="setUp()[pri:0, instance:testcart.Ebay@149494d8]" name="setUp" is-config="true" duration-ms="35210" started-at="2020-01-27T21:36:01 CET" finished-at="2020-01-27T21:36:36 CET">
          <reporter-output>
          </reporter-output>
        </test-method> <!-- setUp -->
        <test-method status="PASS" signature="AddingToCart()[pri:0, instance:testcart.Ebay@149494d8]" name="AddingToCart" duration-ms="106765" started-at="2020-01-27T21:36:36 CET" finished-at="2020-01-27T21:38:23 CET">
          <reporter-output>
          </reporter-output>
        </test-method> <!-- AddingToCart -->
        <test-method status="PASS" signature="tearDown()[pri:0, instance:testcart.Ebay@149494d8]" name="tearDown" is-config="true" duration-ms="3484" started-at="2020-01-27T21:38:23 CET" finished-at="2020-01-27T21:38:27 CET">
          <reporter-output>
          </reporter-output>
        </test-method> <!-- tearDown -->
      </class> <!-- testcart.Ebay -->
    </test> <!-- Default test -->
  </suite> <!-- Default suite -->
</testng-results>
